2018-07-19 16:35:18.7977 [DEBUG] Validating model...
2018-07-19 16:35:19.0655 [DEBUG] Model updated
2018-07-19 16:35:19.0661 [DEBUG] Authenticating with server...
2018-07-19 16:35:19.5582 [DEBUG] Connected to room. (77801:SceneFusion:SceneFusion)
2018-07-19 16:35:19.5806 [INFO] Connected to server.
2018-07-19 16:35:19.5810 [DEBUG] OS : Unix 18.0.0.0
2018-07-19 16:35:19.5810 [DEBUG] Unity Version : 2018.1.0b13
2018-07-19 16:35:19.5812 [DEBUG] Pro License : False
2018-07-19 16:35:19.5815 [DEBUG] Platform : OSXEditor
2018-07-19 16:35:19.5816 [DEBUG] Build Target : StandaloneOSX
2018-07-19 16:35:19.5817 [DEBUG] Scene Fusion version : 1.8.0
2018-07-19 16:35:19.5817 [DEBUG] Scene Fusion client build : 0
2018-07-19 16:35:19.5818 [DEBUG] User : cyrus135@hotmail.fr
2018-07-19 16:35:19.5818 [DEBUG] Waiting for server response
2018-07-19 16:35:19.6605 [DEBUG] Tier: Scene Fusion Free, Permissions: 00001400
2018-07-19 16:35:19.6606 [DEBUG] User Permissions: FFFFFFFF
2018-07-19 16:35:20.6926 [DEBUG] No stand-in for UnityEngine.Video.VideoClip
2018-07-19 16:35:20.6928 [DEBUG] No stand-in for UnityEngine.ProceduralMaterial
2018-07-19 16:35:20.6928 [DEBUG] No stand-in for UnityEngine.ProceduralTexture
2018-07-19 16:35:20.6929 [DEBUG] No stand-in for UnityEngine.CustomRenderTexture
2018-07-19 16:35:20.6929 [DEBUG] No stand-in for UnityEngine.U2D.SpriteAtlas
2018-07-19 16:35:20.6930 [DEBUG] No stand-in for UnityEngine.Experimental.Rendering.RenderPassAttachment
2018-07-19 16:35:20.6931 [DEBUG] No stand-in for UnityEngine.AvatarMask
2018-07-19 16:35:20.6931 [DEBUG] No stand-in for UnityEngine.AI.NavMeshData
2018-07-19 16:35:21.0477 [DEBUG] Uploading scene 'SampleScene'
2018-07-19 16:35:21.1531 [DEBUG] Spawn request. (Objects: 3)
2018-07-19 16:35:21.5125 [DEBUG] Loading complete
2018-07-19 16:37:30.0644 [DEBUG] Disconnecting temporarily to recompile.
2018-07-19 16:37:30.0673 [DEBUG] Disconnecting from room (77801:SceneFusion:SceneFusion)
2018-07-19 16:37:30.0751 [INFO] Disconnected from server.
2018-07-19 16:37:30.0753 [DEBUG] Disconnect. (Duration: 129)
