2018-07-19 17:13:54.3530 [DEBUG] Validating model...
2018-07-19 17:13:54.6478 [DEBUG] Model updated
2018-07-19 17:13:54.6480 [DEBUG] Authenticating with server...
2018-07-19 17:13:55.0379 [DEBUG] Connected to room. (77804:SceneFusion:SceneFusion)
2018-07-19 17:13:55.0434 [INFO] Connected to server.
2018-07-19 17:13:55.0434 [DEBUG] OS : Unix 18.0.0.0
2018-07-19 17:13:55.0435 [DEBUG] Unity Version : 2018.1.4f1
2018-07-19 17:13:55.0435 [DEBUG] Pro License : False
2018-07-19 17:13:55.0436 [DEBUG] Platform : OSXEditor
2018-07-19 17:13:55.0436 [DEBUG] Build Target : StandaloneOSX
2018-07-19 17:13:55.0436 [DEBUG] Scene Fusion version : 1.8.0
2018-07-19 17:13:55.0437 [DEBUG] Scene Fusion client build : 0
2018-07-19 17:13:55.0437 [DEBUG] User : cyrus135@hotmail.fr
2018-07-19 17:13:55.0438 [DEBUG] Waiting for server response
2018-07-19 17:13:55.0745 [DEBUG] Tier: Scene Fusion Free, Permissions: 00001400
2018-07-19 17:13:55.0746 [DEBUG] User Permissions: FFFFFFFF
2018-07-19 17:13:55.0764 [DEBUG] No stand-in for UnityEngine.Video.VideoClip
2018-07-19 17:13:55.0765 [DEBUG] No stand-in for UnityEngine.ProceduralMaterial
2018-07-19 17:13:55.0766 [DEBUG] No stand-in for UnityEngine.ProceduralTexture
2018-07-19 17:13:55.0767 [DEBUG] No stand-in for UnityEngine.CustomRenderTexture
2018-07-19 17:13:55.0768 [DEBUG] No stand-in for UnityEngine.U2D.SpriteAtlas
2018-07-19 17:13:55.0768 [DEBUG] No stand-in for UnityEngine.Experimental.Rendering.RenderPassAttachment
2018-07-19 17:13:55.0769 [DEBUG] No stand-in for UnityEngine.AvatarMask
2018-07-19 17:13:55.0769 [DEBUG] No stand-in for UnityEngine.AI.NavMeshData
2018-07-19 17:13:55.3708 [DEBUG] Uploading scene 'SampleScene'
2018-07-19 17:13:55.3756 [DEBUG] Spawn request. (Objects: 3)
2018-07-19 17:13:55.6549 [DEBUG] Loading complete
2018-07-19 17:14:34.6675 [DEBUG] Spawn request. (Objects: 1)
2018-07-19 17:17:23.1774 [DEBUG] Disconnecting temporarily to recompile.
2018-07-19 17:17:23.1776 [DEBUG] Disconnecting from room (77804:SceneFusion:SceneFusion)
2018-07-19 17:17:23.1905 [INFO] Disconnected from server.
2018-07-19 17:17:23.1905 [DEBUG] Disconnect. (Duration: 208)
2018-07-19 17:17:42.7049 [DEBUG] Refresh token (WNOzDOeFjoIqQANiK95LWqczClYQcoGfaspDsECkCaOC5Dd5jzaKxJzg4UlGdo4toxXqWzrcctcXBtw75YBtAiiltq6C5SYlDaiTcqo0wbZN85Giz1AXfZXUgaS17ZZSJq9U9HYq8K68NyFbzFQs6FExUn3pnTrdny6Lqja0IwwgbsUUKhHSLFcHTXJSZ02YnUEcsikihbOewaYj8fYJkXBHYeMtYdGJIb9flQB2WPlhTdiR940B4nxboGOImfo) error: {"err":"Error getting response stream (ReadDone2): ReceiveFailure"}
2018-07-19 17:17:49.6415 [DEBUG] Scene Fusion version 1.8.0-0
2018-07-19 17:17:50.6711 [DEBUG] Property changes detected after recompile. Will not reconnect.
2018-07-19 17:17:50.7216 [DEBUG] Connecting to room (77804:SceneFusion:SceneFusion) via TCP at ec2-52-25-68-40.us-west-2.compute.amazonaws.com:1026
2018-07-19 17:17:51.1705 [DEBUG] Validating model...
2018-07-19 17:17:51.4000 [DEBUG] Model updated
2018-07-19 17:17:51.4006 [DEBUG] Authenticating with server...
2018-07-19 17:17:51.7031 [DEBUG] Authentication with the remote host failed. (77804:SceneFusion:SceneFusion)
2018-07-19 17:17:51.9081 [DEBUG] Connection failed. (77804:SceneFusion:SceneFusion)
2018-07-19 17:17:53.9906 [DEBUG] Connection failed. (77804:SceneFusion:SceneFusion)
