2018-07-19 17:03:00.8065 [DEBUG] Validating model...
2018-07-19 17:03:01.0351 [DEBUG] Model updated
2018-07-19 17:03:01.0362 [DEBUG] Authenticating with server...
2018-07-19 17:03:01.4345 [DEBUG] Connected to room. (77803:SceneFusion:SceneFusion)
2018-07-19 17:03:01.4441 [INFO] Connected to server.
2018-07-19 17:03:01.4445 [DEBUG] OS : Unix 18.0.0.0
2018-07-19 17:03:01.4445 [DEBUG] Unity Version : 2018.1.4f1
2018-07-19 17:03:01.4446 [DEBUG] Pro License : False
2018-07-19 17:03:01.4450 [DEBUG] Platform : OSXEditor
2018-07-19 17:03:01.4451 [DEBUG] Build Target : StandaloneOSX
2018-07-19 17:03:01.4451 [DEBUG] Scene Fusion version : 1.8.0
2018-07-19 17:03:01.4452 [DEBUG] Scene Fusion client build : 0
2018-07-19 17:03:01.4452 [DEBUG] User : cyrus135@hotmail.fr
2018-07-19 17:03:01.4453 [DEBUG] Waiting for server response
2018-07-19 17:03:01.5663 [DEBUG] Tier: Scene Fusion Free, Permissions: 00001400
2018-07-19 17:03:01.5664 [DEBUG] User Permissions: FFFFFFFF
2018-07-19 17:03:02.3466 [DEBUG] No stand-in for UnityEngine.Video.VideoClip
2018-07-19 17:03:02.3468 [DEBUG] No stand-in for UnityEngine.ProceduralMaterial
2018-07-19 17:03:02.3469 [DEBUG] No stand-in for UnityEngine.ProceduralTexture
2018-07-19 17:03:02.3470 [DEBUG] No stand-in for UnityEngine.CustomRenderTexture
2018-07-19 17:03:02.3471 [DEBUG] No stand-in for UnityEngine.U2D.SpriteAtlas
2018-07-19 17:03:02.3472 [DEBUG] No stand-in for UnityEngine.Experimental.Rendering.RenderPassAttachment
2018-07-19 17:03:02.3473 [DEBUG] No stand-in for UnityEngine.AvatarMask
2018-07-19 17:03:02.3474 [DEBUG] No stand-in for UnityEngine.AI.NavMeshData
2018-07-19 17:03:02.7080 [DEBUG] Uploading scene 'SampleScene'
2018-07-19 17:03:02.7918 [DEBUG] Spawn request. (Objects: 3)
2018-07-19 17:03:03.1439 [DEBUG] Loading complete
2018-07-19 17:04:18.3688 [DEBUG] Spawn request. (Objects: 1)
2018-07-19 17:06:19.7184 [WARNING] Unable to load prefab 'Assets/PZKPFWIV_ausf_H/PZKPFW_IV_H.fbx'.
2018-07-19 17:06:21.2570 [WARNING] Unable to load prefab 'Assets/PZKPFWIV_ausf_H/PZKPFW_IV_H.fbx'.
2018-07-19 17:06:21.2595 [WARNING] Unable to load prefab 'Assets/PZKPFWIV_ausf_H/PZKPFW_IV_H.fbx'.
2018-07-19 17:06:21.2614 [WARNING] Unable to load prefab 'Assets/PZKPFWIV_ausf_H/PZKPFW_IV_H.fbx'.
2018-07-19 17:06:21.3006 [WARNING] Unable to load prefab 'Assets/PZKPFWIV_ausf_H/PZKPFW_IV_H.fbx'.
2018-07-19 17:06:21.3018 [WARNING] Unable to load prefab 'Assets/PZKPFWIV_ausf_H/PZKPFW_IV_H.fbx'.
2018-07-19 17:06:21.3030 [WARNING] Unable to load prefab 'Assets/PZKPFWIV_ausf_H/PZKPFW_IV_H.fbx'.
2018-07-19 17:06:21.3041 [WARNING] Unable to load prefab 'Assets/PZKPFWIV_ausf_H/PZKPFW_IV_H.fbx'.
2018-07-19 17:06:21.3059 [WARNING] Unable to load prefab 'Assets/PZKPFWIV_ausf_H/PZKPFW_IV_H.fbx'.
2018-07-19 17:06:21.3072 [WARNING] Unable to load prefab 'Assets/PZKPFWIV_ausf_H/PZKPFW_IV_H.fbx'.
2018-07-19 17:06:21.3085 [WARNING] Unable to load prefab 'Assets/PZKPFWIV_ausf_H/PZKPFW_IV_H.fbx'.
2018-07-19 17:06:21.3101 [WARNING] Unable to load prefab 'Assets/PZKPFWIV_ausf_H/PZKPFW_IV_H.fbx'.
2018-07-19 17:06:21.3112 [WARNING] Unable to load prefab 'Assets/PZKPFWIV_ausf_H/PZKPFW_IV_H.fbx'.
2018-07-19 17:06:21.3121 [WARNING] Unable to load prefab 'Assets/PZKPFWIV_ausf_H/PZKPFW_IV_H.fbx'.
2018-07-19 17:06:21.3132 [WARNING] Unable to load prefab 'Assets/PZKPFWIV_ausf_H/PZKPFW_IV_H.fbx'.
2018-07-19 17:06:21.3142 [WARNING] Unable to load prefab 'Assets/PZKPFWIV_ausf_H/PZKPFW_IV_H.fbx'.
2018-07-19 17:06:21.3151 [WARNING] Unable to load prefab 'Assets/PZKPFWIV_ausf_H/PZKPFW_IV_H.fbx'.
2018-07-19 17:06:21.3161 [WARNING] Unable to load prefab 'Assets/PZKPFWIV_ausf_H/PZKPFW_IV_H.fbx'.
2018-07-19 17:06:21.3172 [WARNING] Unable to load prefab 'Assets/PZKPFWIV_ausf_H/PZKPFW_IV_H.fbx'.
2018-07-19 17:06:21.3183 [WARNING] Unable to load prefab 'Assets/PZKPFWIV_ausf_H/PZKPFW_IV_H.fbx'.
2018-07-19 17:06:21.3196 [WARNING] Unable to load prefab 'Assets/PZKPFWIV_ausf_H/PZKPFW_IV_H.fbx'.
2018-07-19 17:06:21.4150 [WARNING] Unable to load prefab 'Assets/PZKPFWIV_ausf_H/PZKPFW_IV_H.fbx'.
2018-07-19 17:06:21.4162 [WARNING] Unable to load prefab 'Assets/PZKPFWIV_ausf_H/PZKPFW_IV_H.fbx'.
2018-07-19 17:06:21.4173 [WARNING] Unable to load prefab 'Assets/PZKPFWIV_ausf_H/PZKPFW_IV_H.fbx'.
2018-07-19 17:06:21.4184 [WARNING] Unable to load prefab 'Assets/PZKPFWIV_ausf_H/PZKPFW_IV_H.fbx'.
2018-07-19 17:06:21.4197 [WARNING] Unable to load prefab 'Assets/PZKPFWIV_ausf_H/PZKPFW_IV_H.fbx'.
2018-07-19 17:06:21.4213 [WARNING] Unable to load prefab 'Assets/PZKPFWIV_ausf_H/PZKPFW_IV_H.fbx'.
2018-07-19 17:06:21.4227 [WARNING] Unable to load prefab 'Assets/PZKPFWIV_ausf_H/PZKPFW_IV_H.fbx'.
2018-07-19 17:06:21.4239 [WARNING] Unable to load prefab 'Assets/PZKPFWIV_ausf_H/PZKPFW_IV_H.fbx'.
2018-07-19 17:06:21.4251 [WARNING] Unable to load prefab 'Assets/PZKPFWIV_ausf_H/PZKPFW_IV_H.fbx'.
2018-07-19 17:06:21.4263 [WARNING] Unable to load prefab 'Assets/PZKPFWIV_ausf_H/PZKPFW_IV_H.fbx'.
2018-07-19 17:06:21.4273 [WARNING] Unable to load prefab 'Assets/PZKPFWIV_ausf_H/PZKPFW_IV_H.fbx'.
2018-07-19 17:06:21.4283 [WARNING] Unable to load prefab 'Assets/PZKPFWIV_ausf_H/PZKPFW_IV_H.fbx'.
2018-07-19 17:06:21.4293 [WARNING] Unable to load prefab 'Assets/PZKPFWIV_ausf_H/PZKPFW_IV_H.fbx'.
2018-07-19 17:06:21.4303 [WARNING] Unable to load prefab 'Assets/PZKPFWIV_ausf_H/PZKPFW_IV_H.fbx'.
2018-07-19 17:06:21.4313 [WARNING] Unable to load prefab 'Assets/PZKPFWIV_ausf_H/PZKPFW_IV_H.fbx'.
2018-07-19 17:06:21.4323 [WARNING] Unable to load prefab 'Assets/PZKPFWIV_ausf_H/PZKPFW_IV_H.fbx'.
2018-07-19 17:06:21.4333 [WARNING] Unable to load prefab 'Assets/PZKPFWIV_ausf_H/PZKPFW_IV_H.fbx'.
2018-07-19 17:06:21.4342 [WARNING] Unable to load prefab 'Assets/PZKPFWIV_ausf_H/PZKPFW_IV_H.fbx'.
2018-07-19 17:06:21.5459 [WARNING] Unable to load prefab 'Assets/PZKPFWIV_ausf_H/PZKPFW_IV_H.fbx'.
2018-07-19 17:06:21.5471 [WARNING] Unable to load prefab 'Assets/PZKPFWIV_ausf_H/PZKPFW_IV_H.fbx'.
2018-07-19 17:06:21.5484 [WARNING] Unable to load prefab 'Assets/PZKPFWIV_ausf_H/PZKPFW_IV_H.fbx'.
2018-07-19 17:06:21.5497 [WARNING] Unable to load prefab 'Assets/PZKPFWIV_ausf_H/PZKPFW_IV_H.fbx'.
2018-07-19 17:06:21.5514 [WARNING] Unable to load prefab 'Assets/PZKPFWIV_ausf_H/PZKPFW_IV_H.fbx'.
2018-07-19 17:06:21.5529 [WARNING] Unable to load prefab 'Assets/PZKPFWIV_ausf_H/PZKPFW_IV_H.fbx'.
2018-07-19 17:06:21.5547 [WARNING] Unable to load prefab 'Assets/PZKPFWIV_ausf_H/PZKPFW_IV_H.fbx'.
2018-07-19 17:06:21.5566 [WARNING] Unable to load prefab 'Assets/PZKPFWIV_ausf_H/PZKPFW_IV_H.fbx'.
2018-07-19 17:06:21.5580 [WARNING] Unable to load prefab 'Assets/PZKPFWIV_ausf_H/PZKPFW_IV_H.fbx'.
2018-07-19 17:06:21.5595 [WARNING] Unable to load prefab 'Assets/PZKPFWIV_ausf_H/PZKPFW_IV_H.fbx'.
2018-07-19 17:06:21.5608 [WARNING] Unable to load prefab 'Assets/PZKPFWIV_ausf_H/PZKPFW_IV_H.fbx'.
2018-07-19 17:06:21.5621 [WARNING] Unable to load prefab 'Assets/PZKPFWIV_ausf_H/PZKPFW_IV_H.fbx'.
2018-07-19 17:06:21.5634 [WARNING] Unable to load prefab 'Assets/PZKPFWIV_ausf_H/PZKPFW_IV_H.fbx'.
2018-07-19 17:06:21.5646 [WARNING] Unable to load prefab 'Assets/PZKPFWIV_ausf_H/PZKPFW_IV_H.fbx'.
2018-07-19 17:06:21.6020 [WARNING] Unable to load prefab 'Assets/PZKPFWIV_ausf_H/PZKPFW_IV_H.fbx'.
2018-07-19 17:06:21.6043 [WARNING] Unable to load prefab 'Assets/PZKPFWIV_ausf_H/PZKPFW_IV_H.fbx'.
2018-07-19 17:06:21.6072 [WARNING] Unable to load prefab 'Assets/PZKPFWIV_ausf_H/PZKPFW_IV_H.fbx'.
2018-07-19 17:06:21.6088 [WARNING] Unable to load prefab 'Assets/PZKPFWIV_ausf_H/PZKPFW_IV_H.fbx'.
2018-07-19 17:06:21.6104 [WARNING] Unable to load prefab 'Assets/PZKPFWIV_ausf_H/PZKPFW_IV_H.fbx'.
2018-07-19 17:06:21.6125 [WARNING] Unable to load prefab 'Assets/PZKPFWIV_ausf_H/PZKPFW_IV_H.fbx'.
2018-07-19 17:06:21.6147 [WARNING] Unable to load prefab 'Assets/PZKPFWIV_ausf_H/PZKPFW_IV_H.fbx'.
2018-07-19 17:06:21.6170 [WARNING] Unable to load prefab 'Assets/PZKPFWIV_ausf_H/PZKPFW_IV_H.fbx'.
2018-07-19 17:06:24.5820 [WARNING] Unable to load prefab 'Assets/PZKPFWIV_ausf_H/PZKPFW_IV_H_coll.fbx'.
2018-07-19 17:06:25.1936 [WARNING] Unable to load prefab 'Assets/PZKPFWIV_ausf_H/PZKPFW_IV_H_coll.fbx'.
2018-07-19 17:06:25.1954 [WARNING] Unable to load prefab 'Assets/PZKPFWIV_ausf_H/PZKPFW_IV_H_coll.fbx'.
2018-07-19 17:06:25.1965 [WARNING] Unable to load prefab 'Assets/PZKPFWIV_ausf_H/PZKPFW_IV_H_coll.fbx'.
2018-07-19 17:06:25.1975 [WARNING] Unable to load prefab 'Assets/PZKPFWIV_ausf_H/PZKPFW_IV_H_coll.fbx'.
2018-07-19 17:06:25.1985 [WARNING] Unable to load prefab 'Assets/PZKPFWIV_ausf_H/PZKPFW_IV_H_coll.fbx'.
2018-07-19 17:06:25.1995 [WARNING] Unable to load prefab 'Assets/PZKPFWIV_ausf_H/PZKPFW_IV_H_coll.fbx'.
2018-07-19 17:06:25.2006 [WARNING] Unable to load prefab 'Assets/PZKPFWIV_ausf_H/PZKPFW_IV_H_coll.fbx'.
2018-07-19 17:06:25.2017 [WARNING] Unable to load prefab 'Assets/PZKPFWIV_ausf_H/PZKPFW_IV_H_coll.fbx'.
2018-07-19 17:06:25.2027 [WARNING] Unable to load prefab 'Assets/PZKPFWIV_ausf_H/PZKPFW_IV_H_coll.fbx'.
2018-07-19 17:06:25.2037 [WARNING] Unable to load prefab 'Assets/PZKPFWIV_ausf_H/PZKPFW_IV_H_coll.fbx'.
2018-07-19 17:06:25.2048 [WARNING] Unable to load prefab 'Assets/PZKPFWIV_ausf_H/PZKPFW_IV_H_coll.fbx'.
2018-07-19 17:06:25.2058 [WARNING] Unable to load prefab 'Assets/PZKPFWIV_ausf_H/PZKPFW_IV_H_coll.fbx'.
2018-07-19 17:06:25.2068 [WARNING] Unable to load prefab 'Assets/PZKPFWIV_ausf_H/PZKPFW_IV_H_coll.fbx'.
2018-07-19 17:06:25.2077 [WARNING] Unable to load prefab 'Assets/PZKPFWIV_ausf_H/PZKPFW_IV_H_coll.fbx'.
2018-07-19 17:06:25.2087 [WARNING] Unable to load prefab 'Assets/PZKPFWIV_ausf_H/PZKPFW_IV_H_coll.fbx'.
2018-07-19 17:06:25.2098 [WARNING] Unable to load prefab 'Assets/PZKPFWIV_ausf_H/PZKPFW_IV_H_coll.fbx'.
2018-07-19 17:06:25.2108 [WARNING] Unable to load prefab 'Assets/PZKPFWIV_ausf_H/PZKPFW_IV_H_coll.fbx'.
2018-07-19 17:06:25.2118 [WARNING] Unable to load prefab 'Assets/PZKPFWIV_ausf_H/PZKPFW_IV_H_coll.fbx'.
2018-07-19 17:06:25.2128 [WARNING] Unable to load prefab 'Assets/PZKPFWIV_ausf_H/PZKPFW_IV_H_coll.fbx'.
2018-07-19 17:06:25.2465 [WARNING] Unable to load prefab 'Assets/PZKPFWIV_ausf_H/PZKPFW_IV_H_coll.fbx'.
2018-07-19 17:06:25.2479 [WARNING] Unable to load prefab 'Assets/PZKPFWIV_ausf_H/PZKPFW_IV_H_coll.fbx'.
2018-07-19 17:06:25.2490 [WARNING] Unable to load prefab 'Assets/PZKPFWIV_ausf_H/PZKPFW_IV_H_coll.fbx'.
2018-07-19 17:06:25.2500 [WARNING] Unable to load prefab 'Assets/PZKPFWIV_ausf_H/PZKPFW_IV_H_coll.fbx'.
2018-07-19 17:06:25.2513 [WARNING] Unable to load prefab 'Assets/PZKPFWIV_ausf_H/PZKPFW_IV_H_coll.fbx'.
2018-07-19 17:06:25.2523 [WARNING] Unable to load prefab 'Assets/PZKPFWIV_ausf_H/PZKPFW_IV_H_coll.fbx'.
2018-07-19 17:06:25.2534 [WARNING] Unable to load prefab 'Assets/PZKPFWIV_ausf_H/PZKPFW_IV_H_coll.fbx'.
2018-07-19 17:06:25.2546 [WARNING] Unable to load prefab 'Assets/PZKPFWIV_ausf_H/PZKPFW_IV_H_coll.fbx'.
2018-07-19 17:06:58.4624 [DEBUG] Refresh token (oLFIA7PKgZLsfmjMBJOlCCB2cuDL7QzgpETbi7ZZmMQzOEJ83bKOWh79WqecE017K4IJdh7gSNG6ndi4JXr3Mnz8Pq1dbUalnrd7DppkNj3tRkFfT63cWE0OKJzY85UOHJqUKlnidPJadei5BrSoArL27mjplhz8pogaemYo7CSrm3Pf1Xjy5noZ2jN34SqsKZZFlcGBXeRPlNDUKlyexLcFhD9SJYJ7mB7cQ3Xt02Aob9pxnZB8nnbP8kp1x7k) error: {"err":"Error getting response stream (ReadDone2): ReceiveFailure"}
2018-07-19 17:07:59.2998 [DEBUG] Spawn request. (Objects: 1)
2018-07-19 17:13:38.6246 [DEBUG] Disconnecting from room (77803:SceneFusion:SceneFusion)
2018-07-19 17:13:38.6293 [INFO] Disconnected from server.
2018-07-19 17:13:38.6294 [DEBUG] Disconnect. (Duration: 637)
