2018-07-19 21:05:29.3424 [DEBUG] Validating model...
2018-07-19 21:05:29.5626 [DEBUG] Model updated
2018-07-19 21:05:29.5633 [DEBUG] Authenticating with server...
2018-07-19 21:05:29.9675 [DEBUG] Connected to room. (77807:SceneFusion:SceneFusion)
2018-07-19 21:05:29.9933 [INFO] Connected to server.
2018-07-19 21:05:29.9937 [DEBUG] OS : Unix 18.0.0.0
2018-07-19 21:05:29.9938 [DEBUG] Unity Version : 2018.1.4f1
2018-07-19 21:05:29.9939 [DEBUG] Pro License : False
2018-07-19 21:05:29.9942 [DEBUG] Platform : OSXEditor
2018-07-19 21:05:29.9943 [DEBUG] Build Target : StandaloneOSX
2018-07-19 21:05:29.9944 [DEBUG] Scene Fusion version : 1.8.0
2018-07-19 21:05:29.9944 [DEBUG] Scene Fusion client build : 0
2018-07-19 21:05:29.9945 [DEBUG] User : cyrus135@hotmail.fr
2018-07-19 21:05:29.9945 [DEBUG] Waiting for server response
2018-07-19 21:05:30.1248 [DEBUG] Tier: Scene Fusion Free, Permissions: 00001400
2018-07-19 21:05:30.1249 [DEBUG] User Permissions: FFFFFFFF
2018-07-19 21:05:30.8403 [DEBUG] No stand-in for ShaderGraphImporter
2018-07-19 21:05:30.8404 [DEBUG] No stand-in for ShaderSubGraphImporter
2018-07-19 21:05:30.8410 [DEBUG] No stand-in for UnityEngine.Video.VideoClip
2018-07-19 21:05:30.8411 [DEBUG] No stand-in for UnityEngine.ProceduralMaterial
2018-07-19 21:05:30.8412 [DEBUG] No stand-in for UnityEngine.ProceduralTexture
2018-07-19 21:05:30.8414 [DEBUG] No stand-in for UnityEngine.CustomRenderTexture
2018-07-19 21:05:30.8414 [DEBUG] No stand-in for UnityEngine.U2D.SpriteAtlas
2018-07-19 21:05:30.8415 [DEBUG] No stand-in for UnityEngine.Experimental.Rendering.RenderPassAttachment
2018-07-19 21:05:30.8417 [DEBUG] No stand-in for UnityEngine.AvatarMask
2018-07-19 21:05:30.8417 [DEBUG] No stand-in for UnityEngine.AI.NavMeshData
2018-07-19 21:05:31.2254 [DEBUG] Uploading scene 'SampleScene'
2018-07-19 21:05:31.3438 [DEBUG] Spawn request. (Objects: 4)
2018-07-19 21:05:31.7047 [DEBUG] Loading complete
