2018-07-19 21:05:47.7070 [DEBUG] Validating model...
2018-07-19 21:05:47.9481 [DEBUG] Model updated
2018-07-19 21:05:47.9481 [DEBUG] Authenticating with server...
2018-07-19 21:05:48.2300 [DEBUG] Connected to room. (77807:SceneFusion:SceneFusion)
2018-07-19 21:05:48.2350 [INFO] Connected to server.
2018-07-19 21:05:48.2350 [DEBUG] OS : Microsoft Windows NT 10.0.17134.0
2018-07-19 21:05:48.2350 [DEBUG] Unity Version : 2018.1.4f1
2018-07-19 21:05:48.2360 [DEBUG] Pro License : False
2018-07-19 21:05:48.2360 [DEBUG] Platform : WindowsEditor
2018-07-19 21:05:48.2360 [DEBUG] Build Target : StandaloneWindows64
2018-07-19 21:05:48.2360 [DEBUG] Scene Fusion version : 1.8.0
2018-07-19 21:05:48.2370 [DEBUG] Scene Fusion client build : 0
2018-07-19 21:05:48.2370 [DEBUG] User : aziu003@gmail.com
2018-07-19 21:05:48.2370 [DEBUG] Waiting for server response
2018-07-19 21:05:48.4357 [DEBUG] Tier: Scene Fusion Free, Permissions: 00001400
2018-07-19 21:05:48.4367 [DEBUG] User Permissions: FFFFFFFF
2018-07-19 21:05:48.9399 [DEBUG] No stand-in for ShaderGraphImporter
2018-07-19 21:05:48.9399 [DEBUG] No stand-in for ShaderSubGraphImporter
2018-07-19 21:05:48.9399 [DEBUG] No stand-in for UnityEngine.Video.VideoClip
2018-07-19 21:05:48.9399 [DEBUG] No stand-in for UnityEngine.ProceduralMaterial
2018-07-19 21:05:48.9399 [DEBUG] No stand-in for UnityEngine.ProceduralTexture
2018-07-19 21:05:48.9399 [DEBUG] No stand-in for UnityEngine.CustomRenderTexture
2018-07-19 21:05:48.9399 [DEBUG] No stand-in for UnityEngine.U2D.SpriteAtlas
2018-07-19 21:05:48.9399 [DEBUG] No stand-in for UnityEngine.Experimental.Rendering.RenderPassAttachment
2018-07-19 21:05:48.9409 [DEBUG] No stand-in for UnityEngine.AvatarMask
2018-07-19 21:05:48.9409 [DEBUG] No stand-in for UnityEngine.AI.NavMeshData
2018-07-19 21:05:49.9520 [DEBUG] Loading complete
2018-07-19 21:05:59.0507 [DEBUG] Spawn request. (Objects: 4)
2018-07-19 21:08:40.6339 [ERROR] Disconnected: RESET
2018-07-19 21:08:40.6349 [DEBUG] Disconnect. (Duration: 171)
