2018-07-21 16:11:00.4554 [DEBUG] Scene Fusion version 1.8.0-0
2018-07-21 16:11:05.2549 [DEBUG] Scene Fusion version 1.8.0-0
<<<<<<< Updated upstream
2018-07-21 16:41:20.1773 [DEBUG] Scene Fusion version 1.8.0-0
2018-07-21 16:44:52.7886 [DEBUG] Scene Fusion version 1.8.0-0
=======
2018-07-21 16:44:01.8283 [DEBUG] Refresh token (if6BBYD7giHjHTx9LWdXGrAT9wYG6Die9oLZq6P0xd5Op38Zp0KWGY795IWEn6hksdJmHW0rU4EKLe3ZrWw9UYHdEPn87YCt0m1j7QlJhrNj3iY6S0RnaPLLBFU9iryXhls23RgmidTcAOllcriWTsYG0NfdZR06u4KK6P14G2lJfkuszBi8gPKArl7lko4ztl8fqIgfYlc8MgybmoQdJQotzf31W8JHlC13eAYEmKhQ7kXYc3a9waCuJUd19W1) error: {"err":"Error getting response stream (ReadDone2): ReceiveFailure"}
>>>>>>> Stashed changes
2018-07-21 16:55:40.7605 [DEBUG] Scene Fusion version 1.8.0-0
2018-07-21 17:17:47.1475 [DEBUG] Scene Fusion version 1.8.0-0
2018-07-21 17:17:47.2782 [DEBUG] Play mode: True, sync in play mode: False
2018-07-21 17:18:01.1473 [DEBUG] Play mode: False
2018-07-21 17:18:33.3796 [DEBUG] Scene Fusion version 1.8.0-0
2018-07-21 17:18:33.4884 [DEBUG] Play mode: True, sync in play mode: False
2018-07-21 17:18:40.4004 [DEBUG] Play mode: False
2018-07-21 17:19:24.1544 [DEBUG] Scene Fusion version 1.8.0-0
2018-07-21 17:19:24.2651 [DEBUG] Play mode: True, sync in play mode: False
2018-07-21 17:19:54.2378 [DEBUG] Play mode: False
<<<<<<< Updated upstream
2018-07-21 17:28:17.4690 [DEBUG] Scene Fusion version 1.8.0-0
2018-07-21 17:30:04.3362 [DEBUG] Scene Fusion version 1.8.0-0
2018-07-21 17:30:04.3819 [DEBUG] Play mode: True, sync in play mode: False
2018-07-21 17:30:19.6853 [DEBUG] Play mode: False
2018-07-21 18:10:29.9062 [DEBUG] Scene Fusion version 1.8.0-0
2018-07-21 18:10:29.9511 [DEBUG] Play mode: True, sync in play mode: False
2018-07-21 18:11:17.6976 [DEBUG] Play mode: False
=======
2018-07-21 17:41:25.7247 [DEBUG] Refresh token (YBYqXasaKyqblsX42rWmwOeZ1oMbEKAUURRZdh5Z8kslS7xTdOnHqodjy8nQ9lYU4u64gAgDACyDDhdYW2Rre10ql8AU2AxXCJjfD6EnBs1yhGakZCoIMuAz9XAuTUnXXpGaHx5Y21fp3MozdFxhRfmByAmbku9zWz50pX93fFXjeN50SfjoGWYdebybuoPqX2OLInOpjQRst9zpZCmb9ubL8o5MyGEKQiAPkQPkqtZQ1hOrUOZsxOCqdff0IEk) error: {"err":"Error getting response stream (ReadDone2): ReceiveFailure"}
2018-07-21 18:40:45.2881 [DEBUG] Refresh token (QLPCpWxe1qoJlc1ofOhksfQP3G5hOLzSmXGC6pio12hKxhMhwk5nuF4cyFEuN0wrpXIrZCfq8bk17pL8ELGp8f21AglhplTZSalDYZoixMiW6epBahcD7Qbj1ROQ17H6B8UYre89imY0d3SP1WhX1jIN19oKWCsk8jgBeCMgLYOEISpmZgsGDKjFBtrWbqmXOGKWXSBpUA0wjKwFbFnh8rB0MTyaxX5l73LnFXJdh5cUb8srtKYcelTG5QMf23u) error: {"err":"Error getting response stream (ReadDone2): ReceiveFailure"}
2018-07-21 22:10:14.3767 [DEBUG] Refresh token (5cg41WdxgctWLxFUG4R03YB8Nuwd7TdimIBHUr5kKeKO06brAAAE1OPAcLozlijrQBYoxi8cHp0wjUBdLnRCBZU6gAgbz41jAgCfRNmd5gzAlphagupoF7bOkTt1b4pbj6I55n5rtrCacy93Q9QfsAdFrXNdgTd73fGurFoXOXmEPeDgI3N1dOKTmSbauhk6aODySih5lCJZiy1MhJQPoStBljk1p6ImQcpoDnCAPiPcZgy6KdKIZ1dTR7Puoz4) error: {"err":"Error getting response stream (ReadDone2): ReceiveFailure"}
>>>>>>> Stashed changes
2018-07-21 22:42:22.6981 [DEBUG] Scene Fusion version 1.8.0-0
2018-07-21 22:44:47.9411 [DEBUG] Scene Fusion version 1.8.0-0
2018-07-21 22:44:47.9780 [DEBUG] Play mode: True, sync in play mode: False
2018-07-21 22:45:18.4668 [DEBUG] Play mode: False
2018-07-21 22:48:48.7213 [DEBUG] Refresh token (b3Gd9WonCzCJM7MrnLBNfBGQpNjXrNb5xXZMWGesmXkr9wcUTcM2WoHRlTaq6rSPS4mcjyiJzAywplQIkXd9E8nKW941JGyGFtpeS177iuF44hkfwyjybCnuddlkpdAJ4sJccIafzuWX0iQqWh7xOllEi93sEwPW5jNntXdjQdM8iLTmNx1OCxSDFQFMFamImdC40T0jLS4ogbS8S2IiBmu3hPgc52FzPCaFIr91liE6W3BN8dwKEukeGhrIgU2) error: {"err":"Error getting response stream (ReadDone2): ReceiveFailure"}
